<?xml version="1.0" encoding="UTF-8"?>
<testsuite xmlns:xsi="http://www.w3.org/2001/XMLSchema-instance" xsi:noNamespaceSchemaLocation="https://maven.apache.org/surefire/maven-surefire-plugin/xsd/surefire-test-report-3.0.xsd" version="3.0" name="com.focustime.AppTest" time="0.104" tests="1" errors="0" skipped="0" failures="0">
  <properties>
    <property name="java.specification.version" value="21"/>
    <property name="sun.cpu.isalist" value="amd64"/>
    <property name="sun.jnu.encoding" value="Cp1252"/>
    <property name="java.class.path" value="D:\Michael\uas\PBO\PBO\UAS-PBO_FocusTime_CoderTampan\target\test-classes;D:\Michael\uas\PBO\PBO\UAS-PBO_FocusTime_CoderTampan\target\classes;C:\Users\User\.m2\repository\org\openjfx\javafx-controls\21.0.7\javafx-controls-21.0.7.jar;C:\Users\User\.m2\repository\org\openjfx\javafx-controls\21.0.7\javafx-controls-21.0.7-win.jar;C:\Users\User\.m2\repository\org\openjfx\javafx-graphics\21.0.7\javafx-graphics-21.0.7.jar;C:\Users\User\.m2\repository\org\openjfx\javafx-graphics\21.0.7\javafx-graphics-21.0.7-win.jar;C:\Users\User\.m2\repository\org\openjfx\javafx-base\21.0.7\javafx-base-21.0.7.jar;C:\Users\User\.m2\repository\org\openjfx\javafx-base\21.0.7\javafx-base-21.0.7-win.jar;C:\Users\User\.m2\repository\org\openjfx\javafx-fxml\21.0.7\javafx-fxml-21.0.7.jar;C:\Users\User\.m2\repository\org\openjfx\javafx-fxml\21.0.7\javafx-fxml-21.0.7-win.jar;C:\Users\User\.m2\repository\org\openjfx\javafx-media\21.0.7\javafx-media-21.0.7.jar;C:\Users\User\.m2\repository\org\openjfx\javafx-media\21.0.7\javafx-media-21.0.7-win.jar;C:\Users\User\.m2\repository\org\postgresql\postgresql\42.7.3\postgresql-42.7.3.jar;C:\Users\User\.m2\repository\org\checkerframework\checker-qual\3.42.0\checker-qual-3.42.0.jar;C:\Users\User\.m2\repository\org\junit\jupiter\junit-jupiter\5.10.2\junit-jupiter-5.10.2.jar;C:\Users\User\.m2\repository\org\junit\jupiter\junit-jupiter-api\5.10.2\junit-jupiter-api-5.10.2.jar;C:\Users\User\.m2\repository\org\opentest4j\opentest4j\1.3.0\opentest4j-1.3.0.jar;C:\Users\User\.m2\repository\org\junit\platform\junit-platform-commons\1.10.2\junit-platform-commons-1.10.2.jar;C:\Users\User\.m2\repository\org\apiguardian\apiguardian-api\1.1.2\apiguardian-api-1.1.2.jar;C:\Users\User\.m2\repository\org\junit\jupiter\junit-jupiter-params\5.10.2\junit-jupiter-params-5.10.2.jar;C:\Users\User\.m2\repository\org\junit\jupiter\junit-jupiter-engine\5.10.2\junit-jupiter-engine-5.10.2.jar;C:\Users\User\.m2\repository\org\junit\platform\junit-platform-engine\1.10.2\junit-platform-engine-1.10.2.jar;"/>
    <property name="java.vm.vendor" value="Oracle Corporation"/>
    <property name="sun.arch.data.model" value="64"/>
    <property name="user.variant" value=""/>
    <property name="java.vendor.url" value="https://java.oracle.com/"/>
    <property name="user.timezone" value="Asia/Jakarta"/>
    <property name="os.name" value="Windows 11"/>
    <property name="java.vm.specification.version" value="21"/>
    <property name="sun.java.launcher" value="SUN_STANDARD"/>
    <property name="user.country" value="US"/>
    <property name="sun.boot.library.path" value="C:\Program Files\Java\jdk-21\bin"/>
    <property name="sun.java.command" value="C:\Users\User\AppData\Local\Temp\surefire16167331729834544902\surefirebooter-20250617143738103_3.jar C:\Users\User\AppData\Local\Temp\surefire16167331729834544902 2025-06-17T14-37-37_510-jvmRun1 surefire-20250617143738103_1tmp surefire_0-20250617143738103_2tmp"/>
    <property name="jdk.debug" value="release"/>
    <property name="surefire.test.class.path" value="D:\Michael\uas\PBO\PBO\UAS-PBO_FocusTime_CoderTampan\target\test-classes;D:\Michael\uas\PBO\PBO\UAS-PBO_FocusTime_CoderTampan\target\classes;C:\Users\User\.m2\repository\org\openjfx\javafx-controls\21.0.7\javafx-controls-21.0.7.jar;C:\Users\User\.m2\repository\org\openjfx\javafx-controls\21.0.7\javafx-controls-21.0.7-win.jar;C:\Users\User\.m2\repository\org\openjfx\javafx-graphics\21.0.7\javafx-graphics-21.0.7.jar;C:\Users\User\.m2\repository\org\openjfx\javafx-graphics\21.0.7\javafx-graphics-21.0.7-win.jar;C:\Users\User\.m2\repository\org\openjfx\javafx-base\21.0.7\javafx-base-21.0.7.jar;C:\Users\User\.m2\repository\org\openjfx\javafx-base\21.0.7\javafx-base-21.0.7-win.jar;C:\Users\User\.m2\repository\org\openjfx\javafx-fxml\21.0.7\javafx-fxml-21.0.7.jar;C:\Users\User\.m2\repository\org\openjfx\javafx-fxml\21.0.7\javafx-fxml-21.0.7-win.jar;C:\Users\User\.m2\repository\org\openjfx\javafx-media\21.0.7\javafx-media-21.0.7.jar;C:\Users\User\.m2\repository\org\openjfx\javafx-media\21.0.7\javafx-media-21.0.7-win.jar;C:\Users\User\.m2\repository\org\postgresql\postgresql\42.7.3\postgresql-42.7.3.jar;C:\Users\User\.m2\repository\org\checkerframework\checker-qual\3.42.0\checker-qual-3.42.0.jar;C:\Users\User\.m2\repository\org\junit\jupiter\junit-jupiter\5.10.2\junit-jupiter-5.10.2.jar;C:\Users\User\.m2\repository\org\junit\jupiter\junit-jupiter-api\5.10.2\junit-jupiter-api-5.10.2.jar;C:\Users\User\.m2\repository\org\opentest4j\opentest4j\1.3.0\opentest4j-1.3.0.jar;C:\Users\User\.m2\repository\org\junit\platform\junit-platform-commons\1.10.2\junit-platform-commons-1.10.2.jar;C:\Users\User\.m2\repository\org\apiguardian\apiguardian-api\1.1.2\apiguardian-api-1.1.2.jar;C:\Users\User\.m2\repository\org\junit\jupiter\junit-jupiter-params\5.10.2\junit-jupiter-params-5.10.2.jar;C:\Users\User\.m2\repository\org\junit\jupiter\junit-jupiter-engine\5.10.2\junit-jupiter-engine-5.10.2.jar;C:\Users\User\.m2\repository\org\junit\platform\junit-platform-engine\1.10.2\junit-platform-engine-1.10.2.jar;"/>
    <property name="sun.cpu.endian" value="little"/>
    <property name="user.home" value="C:\Users\User"/>
    <property name="user.language" value="en"/>
    <property name="java.specification.vendor" value="Oracle Corporation"/>
    <property name="java.version.date" value="2025-01-21"/>
    <property name="java.home" value="C:\Program Files\Java\jdk-21"/>
    <property name="file.separator" value="\"/>
    <property name="basedir" value="D:\Michael\uas\PBO\PBO\UAS-PBO_FocusTime_CoderTampan"/>
    <property name="java.vm.compressedOopsMode" value="32-bit"/>
    <property name="line.separator" value="&#10;"/>
    <property name="java.vm.specification.vendor" value="Oracle Corporation"/>
    <property name="java.specification.name" value="Java Platform API Specification"/>
    <property name="surefire.real.class.path" value="C:\Users\User\AppData\Local\Temp\surefire16167331729834544902\surefirebooter-20250617143738103_3.jar"/>
    <property name="user.script" value=""/>
    <property name="sun.management.compiler" value="HotSpot 64-Bit Tiered Compilers"/>
    <property name="java.runtime.version" value="21.0.6+8-LTS-188"/>
    <property name="user.name" value="User"/>
    <property name="stdout.encoding" value="Cp1252"/>
    <property name="path.separator" value=";"/>
    <property name="os.version" value="10.0"/>
    <property name="java.runtime.name" value="Java(TM) SE Runtime Environment"/>
    <property name="file.encoding" value="UTF-8"/>
    <property name="java.vm.name" value="Java HotSpot(TM) 64-Bit Server VM"/>
    <property name="localRepository" value="C:\Users\User\.m2\repository"/>
    <property name="java.vendor.url.bug" value="https://bugreport.java.com/bugreport/"/>
    <property name="java.io.tmpdir" value="C:\Users\User\AppData\Local\Temp\"/>
    <property name="java.version" value="21.0.6"/>
    <property name="user.dir" value="D:\Michael\uas\PBO\PBO\UAS-PBO_FocusTime_CoderTampan"/>
    <property name="os.arch" value="amd64"/>
    <property name="java.vm.specification.name" value="Java Virtual Machine Specification"/>
    <property name="sun.os.patch.level" value=""/>
    <property name="native.encoding" value="Cp1252"/>
    <property name="java.library.path" value="C:\Program Files\Java\jdk-21\bin;C:\WINDOWS\Sun\Java\bin;C:\WINDOWS\system32;C:\WINDOWS;C:\ProgramData\Anaconda3;C:\ProgramData\Anaconda3\Library\mingw-w64\bin;C:\ProgramData\Anaconda3\Library\usr\bin;C:\ProgramData\Anaconda3\Library\bin;C:\ProgramData\Anaconda3\Scripts;C:\Windows\system32;C:\Windows;C:\Windows\System32\Wbem;C:\Windows\System32\WindowsPowerShell\v1.0\;C:\Windows\System32\OpenSSH\;C:\Program Files (x86)\NVIDIA Corporation\PhysX\Common;C:\Program Files\NVIDIA Corporation\NVIDIA NvDLISR;C:\Users\User\AppData\Local\Android\Sdk\platform-tools;C:\WINDOWS\system32;C:\WINDOWS;C:\WINDOWS\System32\Wbem;C:\WINDOWS\System32\WindowsPowerShell\v1.0\;C:\WINDOWS\System32\OpenSSH\;C:\Program Files (x86)\Microsoft SQL Server\130\Tools\Binn\;C:\Program Files\Microsoft SQL Server\130\Tools\Binn\;C:\Program Files (x86)\Microsoft SQL Server\130\DTS\Binn\;C:\Program Files\Microsoft SQL Server\130\DTS\Binn\;C:\Program Files\Microsoft SQL Server\Client SDK\ODBC\130\Tools\Binn\;C:\Program Files (x86)\Microsoft SQL Server\150\DTS\Binn\;C:\Program Files\Azure Data Studio\bin;C:\Program Files\dotnet\;C:\Program Files\Microsoft SQL Server\Client SDK\ODBC\170\Tools\Binn\;C:\Program Files\PuTTY\;C:\opencv\build\x64\vc15\bin;C:\Program Files\Android\Android Studio\jre\bin;C:\Program Files\nodejs\;C:\Program Files\Git\bin;C:\maven\apache-maven-3.9.9\bin;C:\Program Files\Java\jdk-21\bin;C:\xampp\php;C:\ProgramData\ComposerSetup\bin;C:\Users\User\AppData\Local\Microsoft\WindowsApps;C:\Users\User\AppData\Local\Programs\Microsoft VS Code\bin;C:\src\flutter\bin;C:\Program Files\Azure Data Studio\bin;C:\Users\User\.dotnet\tools;C:\Users\User\AppData\Roaming\npm;C:\Program Files\Git\bin;C:\Program Files\JetBrains\IntelliJ IDEA 2024.3.5\bin;;C:\maven\apache-maven-3.9.9\bin;C:\Program Files\Java\jdk-21\bin;C:\Users\User\AppData\Roaming\Composer\vendor\bin;c:\Users\User\.vscode\extensions\ms-python.debugpy-2025.8.0-win32-x64\bundled\scripts\noConfigScripts;."/>
    <property name="java.vm.info" value="mixed mode, sharing"/>
    <property name="stderr.encoding" value="Cp1252"/>
    <property name="java.vendor" value="Oracle Corporation"/>
    <property name="java.vm.version" value="21.0.6+8-LTS-188"/>
    <property name="sun.io.unicode.encoding" value="UnicodeLittle"/>
    <property name="java.class.version" value="65.0"/>
  </properties>
  <testcase name="testApp" classname="com.focustime.AppTest" time="0.052"/>
</testsuite>